Shape of X_train :(3444, 1, 500)
Shape of y_train :(3444,)
Shape of X_valid :(739, 1, 500)
Shape of X_test :(738, 1, 500)
 Number of classes : 2
Total time taken: 16755.88 seconds
Info:
Dataset: FordA
Model: LSTM_FCN
Num runs: 100
+----------------+---------------+
| Metric         |  Mean ± Std   |
+================+===============+
| Test Accuracy  | 0.91 ± 0.05   |
+----------------+---------------+
| Valid Accuracy | 0.91 ± 0.05   |
+----------------+---------------+
| DT Accuracy    | 0.79 ± 0.04   |
+----------------+---------------+
| Fidelity       | 0.84 ± 0.05   |
+----------------+---------------+
| Depth          | 8 ± 4         |
+----------------+---------------+
| #Nodes         | 41 ± 38       |
+----------------+---------------+
| Robustness     | 0.77 ± 0.05   |
+----------------+---------------+
