Shape of X_train :(120, 1, 150)
Shape of y_train :(120,)
Shape of X_valid :(32, 1, 150)
Shape of X_test :(48, 1, 150)
 Number of classes : 2
Total time taken: 6240.36 seconds
Info:
Dataset: GunPoint
Model: FCN
Num runs: 1000
+----------------+---------------+
| Metric         |  Mean ± Std   |
+================+===============+
| Test Accuracy  | 0.98 ± 0.06   |
+----------------+---------------+
| Valid Accuracy | 0.98 ± 0.07   |
+----------------+---------------+
| DT Accuracy    | 0.75 ± 0.12   |
+----------------+---------------+
| Fidelity       | 0.88 ± 0.07   |
+----------------+---------------+
| Depth          | 4 ± 2         |
+----------------+---------------+
| #Nodes         | 12 ± 5        |
+----------------+---------------+
| Robustness     | 0.66 ± 0.17   |
+----------------+---------------+
