Shape of X_train :(120, 1, 96)
Shape of y_train :(120,)
Shape of X_valid :(32, 1, 96)
Shape of X_test :(48, 1, 96)
 Number of classes : 2
Total time taken: 5657.66 seconds
Info:
Dataset: ECG200
Model: FCN
Num runs: 1000
+----------------+---------------+
| Metric         |  Mean ± Std   |
+================+===============+
| Test Accuracy  | 0.86 ± 0.05   |
+----------------+---------------+
| Valid Accuracy | 0.86 ± 0.06   |
+----------------+---------------+
| DT Accuracy    | 0.78 ± 0.10   |
+----------------+---------------+
| Fidelity       | 0.89 ± 0.06   |
+----------------+---------------+
| Depth          | 3 ± 2         |
+----------------+---------------+
| #Nodes         | 9 ± 5         |
+----------------+---------------+
| Robustness     | 0.76 ± 0.13   |
+----------------+---------------+
