Shape of X_train :(3112, 1, 500)
Shape of y_train :(3112,)
Shape of X_valid :(667, 1, 500)
Shape of X_test :(667, 1, 500)
 Number of classes : 2
Total time taken: 16309.89 seconds
Info:
Dataset: FordB
Model: FCN
Num runs: 100
+----------------+---------------+
| Metric         |  Mean ± Std   |
+================+===============+
| Test Accuracy  | 0.88 ± 0.03   |
+----------------+---------------+
| Valid Accuracy | 0.89 ± 0.04   |
+----------------+---------------+
| DT Accuracy    | 0.81 ± 0.04   |
+----------------+---------------+
| Fidelity       | 0.87 ± 0.05   |
+----------------+---------------+
| Depth          | 8 ± 3         |
+----------------+---------------+
| #Nodes         | 42 ± 34       |
+----------------+---------------+
| Robustness     | 0.77 ± 0.06   |
+----------------+---------------+
