Shape of X_train :(3444, 1, 500)
Shape of y_train :(3444,)
Shape of X_valid :(739, 1, 500)
Shape of X_test :(738, 1, 500)
 Number of classes : 2
Total time taken: 17624.27 seconds
Info:
Dataset: FordA
Model: FCN
Num runs: 100
+----------------+---------------+
| Metric         |  Mean ± Std   |
+================+===============+
| Test Accuracy  | 0.90 ± 0.04   |
+----------------+---------------+
| Valid Accuracy | 0.90 ± 0.04   |
+----------------+---------------+
| DT Accuracy    | 0.78 ± 0.03   |
+----------------+---------------+
| Fidelity       | 0.84 ± 0.04   |
+----------------+---------------+
| Depth          | 8 ± 4         |
+----------------+---------------+
| #Nodes         | 42 ± 37       |
+----------------+---------------+
| Robustness     | 0.76 ± 0.04   |
+----------------+---------------+
