Shape of X_train :(120, 1, 96)
Shape of y_train :(120,)
Shape of X_valid :(32, 1, 96)
Shape of X_test :(48, 1, 96)
 Number of classes : 2
Total time taken: 601.28 seconds
Info:
Dataset: ECG200
Model: LSTM_FCN
Num runs: 100
+----------------+---------------+
| Metric         |  Mean ± Std   |
+================+===============+
| Test Accuracy  | 0.86 ± 0.05   |
+----------------+---------------+
| Valid Accuracy | 0.85 ± 0.08   |
+----------------+---------------+
| DT Accuracy    | 0.78 ± 0.12   |
+----------------+---------------+
| Fidelity       | 0.89 ± 0.06   |
+----------------+---------------+
| Depth          | 4 ± 2         |
+----------------+---------------+
| #Nodes         | 10 ± 5        |
+----------------+---------------+
| Robustness     | 0.76 ± 0.14   |
+----------------+---------------+
