Shape of X_train :(120, 1, 150)
Shape of y_train :(120,)
Shape of X_valid :(32, 1, 150)
Shape of X_test :(48, 1, 150)
 Number of classes : 2
Total time taken: 649.34 seconds
Info:
Dataset: GunPoint
Model: FCN
Num runs: 100
+----------------+---------------+
| Metric         |  Mean ± Std   |
+================+===============+
| Test Accuracy  | 0.99 ± 0.03   |
+----------------+---------------+
| Valid Accuracy | 0.98 ± 0.04   |
+----------------+---------------+
| DT Accuracy    | 0.74 ± 0.12   |
+----------------+---------------+
| Fidelity       | 0.88 ± 0.06   |
+----------------+---------------+
| Depth          | 4 ± 2         |
+----------------+---------------+
| #Nodes         | 12 ± 5        |
+----------------+---------------+
| Robustness     | 0.64 ± 0.18   |
+----------------+---------------+
