Shape of X_train :(3112, 1, 500)
Shape of y_train :(3112,)
Shape of X_valid :(667, 1, 500)
Shape of X_test :(667, 1, 500)
 Number of classes : 2
Total time taken: 15515.56 seconds
Info:
Dataset: FordB
Model: LSTM_FCN
Num runs: 100
+----------------+---------------+
| Metric         |  Mean ± Std   |
+================+===============+
| Test Accuracy  | 0.86 ± 0.04   |
+----------------+---------------+
| Valid Accuracy | 0.86 ± 0.04   |
+----------------+---------------+
| DT Accuracy    | 0.81 ± 0.04   |
+----------------+---------------+
| Fidelity       | 0.86 ± 0.05   |
+----------------+---------------+
| Depth          | 7 ± 4         |
+----------------+---------------+
| #Nodes         | 37 ± 33       |
+----------------+---------------+
| Robustness     | 0.79 ± 0.08   |
+----------------+---------------+
